<?xml version="1.0" encoding="UTF-8"?>
<!-- Generated by org.testng.reporters.JUnitXMLReporter -->
<testsuite ignored="0" hostname="DESKTOP-JCAI8IT" failures="2" tests="6" name="test Cases" time="0.161" errors="0" timestamp="2025-06-23T17:34:37 IST">
  <testcase classname="seleniumwait.FailedTestcases" name="testcase1" time="0.027">
    <skipped/>
  </testcase> <!-- testcase1 -->
  <testcase classname="seleniumwait.FailedTestcases" name="testcase1" time="0.004">
    <skipped/>
  </testcase> <!-- testcase1 -->
  <testcase classname="seleniumwait.FailedTestcases" name="testcase1" time="0.003">
    <failure type="java.lang.AssertionError" message="expected [Sukumar] but found [Suku]">
      <![CDATA[java.lang.AssertionError: expected [Sukumar] but found [Suku]
at seleniumwait.FailedTestcases.testcase1(FailedTestcases.java:13)
at java.base/java.util.ArrayList.forEach(ArrayList.java:1597)
... Removed 31 stack frames]]>
    </failure>
  </testcase> <!-- testcase1 -->
  <testcase classname="seleniumwait.FailedTestcases" name="testcase2" time="0.003">
    <skipped/>
  </testcase> <!-- testcase2 -->
  <testcase classname="seleniumwait.FailedTestcases" name="testcase2" time="0.017">
    <skipped/>
  </testcase> <!-- testcase2 -->
  <testcase classname="seleniumwait.FailedTestcases" name="testcase2" time="0.008">
    <failure type="java.lang.AssertionError" message="expected [Kirubha] but found [Kiru]">
      <![CDATA[java.lang.AssertionError: expected [Kirubha] but found [Kiru]
at seleniumwait.FailedTestcases.testcase2(FailedTestcases.java:17)
at java.base/java.util.ArrayList.forEach(ArrayList.java:1597)
... Removed 31 stack frames]]>
    </failure>
  </testcase> <!-- testcase2 -->
</testsuite> <!-- test Cases -->
